
Connection:succesful
host:linux.cs.pdx.edu
username:saheli
pass:MinionPanda@28

Connection:succesful
host:linux.cs.pdx.edu
username:saheli
pass:MinionPanda@28

Connection:succesful
host:linux.cs.pdx.edu
username:saheli
pass:MinionPanda@28

Connection:succesful
host:linux.cs.pdx.edu
username:saheli
pass:MinionPanda@28

Connection:succesful
host:linux.cs.pdx.edu
username:saheli
pass:MinionPanda@28

Connection:succesful
host:linux.cs.pdx.edu
username:saheli
pass:MinionPanda@28

Connection:succesful
host:linux.cs.pdx.edu
username:saheli
pass:MinionPanda@28

Connection:succesful
host:linux.cs.pdx.edu
username:saheli
pass:MinionPanda@28

Connection:succesful
host:linux.cs.pdx.edu
username:saheli
pass:MinionPanda@28

Connection:succesful
host:linux.cs.pdx.edu
username:saheli
pass:MinionPanda@28

Connection:succesful
host:linux.cs.pdx.edu
username:saheli
pass:MinionPanda@28

Connection:succesful
host:linux.cs.pdx.edu
username:saheli
pass:MinionPanda@28

Connection:succesful
host:linux.cs.pdx.edu
username:saheli
pass:MinionPanda@28

Connection:succesful
host:linux.cs.pdx.edu
username:saheli
pass:MinionPanda@28

Connection:succesful
host:linux.cs.pdx.edu
username:saheli
pass:MinionPanda@28

Connection:succesful
host:linux.cs.pdx.edu
username:saheli
pass:MinionPanda@28

Connection:succesful
host:linux.cs.pdx.edu
username:saheli
pass:MinionPanda@28

Connection:succesful
host:linux.cs.pdx.edu
username:saheli
pass:MinionPanda@28

Connection:succesful
host:linux.cs.pdx.edu
username:saheli
pass:MinionPanda@28

Connection:succesful
host:linux.cs.pdx.edu
username:saheli
pass:MinionPanda@28

Connection:succesful
host:linux.cs.pdx.edu
username:saheli
pass:MinionPanda@28

Connection:succesful
host:linux.cs.pdx.edu
username:saheli
pass:MinionPanda@28

Connection:succesful
host:linux.cs.pdx.edu
username:saheli
pass:MinionPanda@28

Connection:succesful
host:linux.cs.pdx.edu
username:saheli
pass:MinionPanda@28

Connection:succesful
host:linux.cs.pdx.edu
username:saheli
pass:MinionPanda@28

Connection:succesful
host:linux.cs.pdx.edu
username:saheli
pass:MinionPanda@28

Connection:succesful
host:linux.cs.pdx.edu
username:saheli
pass:MinionPanda@28

Connection:succesful
host:linux.cs.pdx.edu
username:saheli
pass:MinionPanda@28

Connection:succesful
host:linux.cs.pdx.edu
username:saheli
pass:MinionPanda@28

Connection:succesful
host:linux.cs.pdx.edu
username:saheli
pass:MinionPanda@28

Connection:succesful
host:linux.cs.pdx.edu
username:saheli
pass:MinionPanda@28

Connection:succesful
host:linux.cs.pdx.edu
username:saheli
pass:MinionPanda@28

Connection:succesful
host:linux.cs.pdx.edu
username:saheli
pass:MinionPanda@28

Connection:succesful
host:linux.cs.pdx.edu
username:saheli
pass:MinionPanda@28

Connection:succesful
host:linux.cs.pdx.edu
username:saheli
pass:MinionPanda@28

Connection:succesful
host:linux.cs.pdx.edu
username:saheli
pass:MinionPanda@28

Connection:succesful
host:linux.cs.pdx.edu
username:saheli
pass:MinionPanda@28

Connection:succesful
host:linux.cs.pdx.edu
username:saheli
pass:MinionPanda@28

Connection:succesful
host:linux.cs.pdx.edu
username:saheli
pass:MinionPanda@28

Connection:succesful
host:linux.cs.pdx.edu
username:saheli
pass:MinionPanda@28

Connection:succesful
host:linux.cs.pdx.edu
username:saheli
pass:MinionPanda@28

Connection:succesful
host:linux.cs.pdx.edu
username:saheli
pass:MinionPanda@28

Connection:succesful
host:linux.cs.pdx.edu
username:saheli
pass:MinionPanda@28

Connection:succesful
host:linux.cs.pdx.edu
username:saheli
pass:MinionPanda@28

Connection:succesful
host:linux.cs.pdx.edu
username:saheli
pass:MinionPanda@28

Connection:succesful
host:linux.cs.pdx.edu
username:saheli
pass:MinionPanda@28

Connection:succesful
host:linux.cs.pdx.edu
username:saheli
pass:MinionPanda@28

Connection:succesful
host:linux.cs.pdx.edu
username:saheli
pass:MinionPanda@28

Connection:succesful
host:linux.cs.pdx.edu
username:saheli
pass:MinionPanda@28

Connection:succesful
host:linux.cs.pdx.edu
username:saheli
pass:MinionPanda@28

Connection:succesful
host:linux.cs.pdx.edu
username:saheli
pass:MinionPanda@28

Connection:succesful
host:linux.cs.pdx.edu
username:saheli
pass:MinionPanda@28

Connection:succesful
host:linux.cs.pdx.edu
username:saheli
pass:MinionPanda@28

Connection:succesful
host:linux.cs.pdx.edu
username:saheli
pass:MinionPanda@28

Connection:succesful
host:linux.cs.pdx.edu
username:saheli
pass:MinionPanda@28

Connection succesful
host:linux.cs.pdx.edu
username:saheli
pass:MinionPanda@28

Connection succesful
host:linux.cs.pdx.edu
username:saheli
pass:MinionPanda@28

Connection succesful
host:linux.cs.pdx.edu
username:saheli
pass:MinionPanda@28

Connection succesful
host:linux.cs.pdx.edu
username:saheli
pass:MinionPanda@28

Connection succesful
host:linux.cs.pdx.edu
username:saheli
password:MinionPanda@28

Connection succesful
host:linux.cs.pdx.edu
username:saheli
password:MinionPanda@28

Connection succesful
host:linux.cs.pdx.edu
username:saheli
password:MinionPanda@28

Connection succesful
host:linux.cs.pdx.edu
username:saheli
password:MinionPanda@28

Connection succesful
host:linux.cs.pdx.edu
username:saheli
password:MinionPanda@28

Connection succesful
host:linux.cs.pdx.edu
username:saheli
password:MinionPanda@28

Connection succesful
host:linux.cs.pdx.edu
username:saheli
password:MinionPanda@28

Connection succesful
host:linux.cs.pdx.edu
username:saheli
password:MinionPanda@28
